<?xml version="1.0" encoding="UTF-8"?>
<robot generator="Robot 6.0.1 (Python 3.11.1 on win32)" generated="20230127 12:19:04.830" rpa="false" schemaversion="3">
<suite id="s1" name="Suites">
<suite id="s1-s1" name="TC03 RadioBox" source="C:\Users\a to z\PycharmProjects\AutomationProject\Project_TestCases\TC03_RadioBox.robot">
<test id="s1-s1-t1" name="Testing Radio button, Check boxes and dropdown lists" line="9">
<kw name="Open Browser" library="SeleniumLibrary">
<arg>${url}</arg>
<arg>${browser}</arg>
<doc>Opens a new browser instance to the optional ``url``.</doc>
<msg timestamp="20230127 12:19:05.110" level="INFO">Opening browser 'chrome' to base url 'https://demo.nopcommerce.com/'.</msg>
<status status="PASS" starttime="20230127 12:19:05.109" endtime="20230127 12:19:09.903"/>
</kw>
<kw name="Maximize Browser Window" library="SeleniumLibrary">
<doc>Maximizes current browser window.</doc>
<status status="PASS" starttime="20230127 12:19:09.903" endtime="20230127 12:19:10.036"/>
</kw>
<kw name="Set Selenium Speed" library="SeleniumLibrary">
<arg>2seconds</arg>
<doc>Sets the delay that is waited after each Selenium command.</doc>
<status status="PASS" starttime="20230127 12:19:10.037" endtime="20230127 12:19:10.038"/>
</kw>
<kw name="Title Should Be" library="SeleniumLibrary">
<arg>nopCommerce demo store</arg>
<doc>Verifies that the current page title equals ``title``.</doc>
<msg timestamp="20230127 12:19:12.052" level="INFO">Page title is 'nopCommerce demo store'.</msg>
<status status="PASS" starttime="20230127 12:19:10.039" endtime="20230127 12:19:12.052"/>
</kw>
<kw name="Click Link" library="SeleniumLibrary">
<arg>xpath://a[@class="ico-login"]</arg>
<doc>Clicks a link identified by ``locator``.</doc>
<msg timestamp="20230127 12:19:12.053" level="INFO">Clicking link 'xpath://a[@class="ico-login"]'.</msg>
<status status="PASS" starttime="20230127 12:19:12.052" endtime="20230127 12:19:18.896"/>
</kw>
<kw name="Click Element" library="SeleniumLibrary">
<arg>xpath://button[@class="button-1 register-button"]</arg>
<doc>Click the element identified by ``locator``.</doc>
<msg timestamp="20230127 12:19:18.898" level="INFO">Clicking element 'xpath://button[@class="button-1 register-button"]'.</msg>
<status status="PASS" starttime="20230127 12:19:18.897" endtime="20230127 12:19:23.416"/>
</kw>
<kw name="Select Radio Button" library="SeleniumLibrary">
<arg>Gender</arg>
<arg>M</arg>
<doc>Sets the radio button group ``group_name`` to ``value``.</doc>
<msg timestamp="20230127 12:19:23.417" level="INFO">Selecting 'M' from radio button 'Gender'.</msg>
<status status="PASS" starttime="20230127 12:19:23.416" endtime="20230127 12:19:29.523"/>
</kw>
<kw name="Unselect Checkbox" library="SeleniumLibrary">
<arg>Newsletter</arg>
<doc>Removes the selection of checkbox identified by ``locator``.</doc>
<msg timestamp="20230127 12:19:29.525" level="INFO">Unselecting checkbox 'Newsletter'.</msg>
<status status="PASS" starttime="20230127 12:19:29.523" endtime="20230127 12:19:37.641"/>
</kw>
<kw name="Select Checkbox" library="SeleniumLibrary">
<arg>Newsletter</arg>
<doc>Selects the checkbox identified by ``locator``.</doc>
<msg timestamp="20230127 12:19:37.642" level="INFO">Selecting checkbox 'Newsletter'.</msg>
<status status="PASS" starttime="20230127 12:19:37.641" endtime="20230127 12:19:45.719"/>
</kw>
<kw name="Select From List By Label" library="SeleniumLibrary">
<arg>DateOfBirthDay</arg>
<arg>5</arg>
<doc>Selects options from selection list ``locator`` by ``labels``.</doc>
<msg timestamp="20230127 12:19:45.721" level="INFO">Selecting options from selection list 'DateOfBirthDay' by label 5.</msg>
<status status="PASS" starttime="20230127 12:19:45.719" endtime="20230127 12:19:59.868"/>
</kw>
<kw name="Select From List By Index" library="SeleniumLibrary">
<arg>DateOfBirthMonth</arg>
<arg>3</arg>
<doc>Selects options from selection list ``locator`` by ``indexes``.</doc>
<msg timestamp="20230127 12:19:59.870" level="INFO">Selecting options from selection list 'DateOfBirthMonth' by index 3.</msg>
<status status="PASS" starttime="20230127 12:19:59.869" endtime="20230127 12:20:22.092"/>
</kw>
<kw name="Select From List By Label" library="SeleniumLibrary">
<arg>DateOfBirthYear</arg>
<arg>1999</arg>
<doc>Selects options from selection list ``locator`` by ``labels``.</doc>
<msg timestamp="20230127 12:20:22.094" level="INFO">Selecting options from selection list 'DateOfBirthYear' by label 1999.</msg>
<msg timestamp="20230127 12:20:26.129" level="WARN">Keyword 'Capture Page Screenshot' could not be run on failure: Message: no such window: target window already closed
from unknown error: web view not found
  (Session info: chrome=109.0.5414.119)
Stacktrace:
Backtrace:
	(No symbol) [0x008BF243]
	(No symbol) [0x00847FD1]
	(No symbol) [0x0073D04D]
	(No symbol) [0x00722D7A]
	(No symbol) [0x0078BE7B]
	(No symbol) [0x0079C196]
	(No symbol) [0x00788386]
	(No symbol) [0x0076163C]
	(No symbol) [0x0076269D]
	GetHandleVerifier [0x00B59A22+2655074]
	GetHandleVerifier [0x00B4CA24+2601828]
	GetHandleVerifier [0x00968C0A+619850]
	GetHandleVerifier [0x00967830+614768]
	(No symbol) [0x008505FC]
	(No symbol) [0x00855968]
	(No symbol) [0x00855A55]
	(No symbol) [0x0086051B]
	BaseThreadInitThunk [0x76E100F9+25]
	RtlGetAppContainerNamedObjectPath [0x77CC7BBE+286]
	RtlGetAppContainerNamedObjectPath [0x77CC7B8E+238]
</msg>
<msg timestamp="20230127 12:20:26.130" level="FAIL">NoSuchWindowException: Message: no such window: target window already closed
from unknown error: web view not found
  (Session info: chrome=109.0.5414.119)
Stacktrace:
Backtrace:
	(No symbol) [0x008BF243]
	(No symbol) [0x00847FD1]
	(No symbol) [0x0073D04D]
	(No symbol) [0x00722D7A]
	(No symbol) [0x0078BE7B]
	(No symbol) [0x0079C196]
	(No symbol) [0x00788386]
	(No symbol) [0x0076163C]
	(No symbol) [0x0076269D]
	GetHandleVerifier [0x00B59A22+2655074]
	GetHandleVerifier [0x00B4CA24+2601828]
	GetHandleVerifier [0x00968C0A+619850]
	GetHandleVerifier [0x00967830+614768]
	(No symbol) [0x008505FC]
	(No symbol) [0x00855968]
	(No symbol) [0x00855A55]
	(No symbol) [0x0086051B]
	BaseThreadInitThunk [0x76E100F9+25]
	RtlGetAppContainerNamedObjectPath [0x77CC7BBE+286]
	RtlGetAppContainerNamedObjectPath [0x77CC7B8E+238]
</msg>
<status status="FAIL" starttime="20230127 12:20:22.092" endtime="20230127 12:20:26.187"/>
</kw>
<kw name="Close Browser" library="SeleniumLibrary">
<doc>Closes the current browser.</doc>
<status status="NOT RUN" starttime="20230127 12:20:26.187" endtime="20230127 12:20:26.188"/>
</kw>
<status status="FAIL" starttime="20230127 12:19:05.108" endtime="20230127 12:20:26.188">NoSuchWindowException: Message: no such window: target window already closed
from unknown error: web view not found
  (Session info: chrome=109.0.5414.119)
Stacktrace:
Backtrace:
	(No symbol) [0x008BF243]
	(No symbol) [0x00847FD1]
	(No symbol) [0x0073D04D]
	(No symbol) [0x00722D7A]
	(No symbol) [0x0078BE7B]
	(No symbol) [0x0079C196]
	(No symbol) [0x00788386]
	(No symbol) [0x0076163C]
	(No symbol) [0x0076269D]
	GetHandleVerifier [0x00B59A22+2655074]
	GetHandleVerifier [0x00B4CA24+2601828]
	GetHandleVerifier [0x00968C0A+619850]
	GetHandleVerifier [0x00967830+614768]
	(No symbol) [0x008505FC]
	(No symbol) [0x00855968]
	(No symbol) [0x00855A55]
	(No symbol) [0x0086051B]
	BaseThreadInitThunk [0x76E100F9+25]
	RtlGetAppContainerNamedObjectPath [0x77CC7BBE+286]
	RtlGetAppContainerNamedObjectPath [0x77CC7B8E+238]
</status>
</test>
<status status="FAIL" starttime="20230127 12:19:04.861" endtime="20230127 12:20:26.189"/>
</suite>
<status status="FAIL" starttime="20230127 12:19:04.842" endtime="20230127 12:20:26.190"/>
</suite>
<statistics>
<total>
<stat pass="0" fail="1" skip="0">All Tests</stat>
</total>
<tag>
</tag>
<suite>
<stat pass="0" fail="1" skip="0" id="s1" name="Suites">Suites</stat>
<stat pass="0" fail="1" skip="0" id="s1-s1" name="TC03 RadioBox">Suites.TC03 RadioBox</stat>
</suite>
</statistics>
<errors>
<msg timestamp="20230127 12:20:26.129" level="WARN">Keyword 'Capture Page Screenshot' could not be run on failure: Message: no such window: target window already closed
from unknown error: web view not found
  (Session info: chrome=109.0.5414.119)
Stacktrace:
Backtrace:
	(No symbol) [0x008BF243]
	(No symbol) [0x00847FD1]
	(No symbol) [0x0073D04D]
	(No symbol) [0x00722D7A]
	(No symbol) [0x0078BE7B]
	(No symbol) [0x0079C196]
	(No symbol) [0x00788386]
	(No symbol) [0x0076163C]
	(No symbol) [0x0076269D]
	GetHandleVerifier [0x00B59A22+2655074]
	GetHandleVerifier [0x00B4CA24+2601828]
	GetHandleVerifier [0x00968C0A+619850]
	GetHandleVerifier [0x00967830+614768]
	(No symbol) [0x008505FC]
	(No symbol) [0x00855968]
	(No symbol) [0x00855A55]
	(No symbol) [0x0086051B]
	BaseThreadInitThunk [0x76E100F9+25]
	RtlGetAppContainerNamedObjectPath [0x77CC7BBE+286]
	RtlGetAppContainerNamedObjectPath [0x77CC7B8E+238]
</msg>
</errors>
</robot>
